<?xml version="1.0" encoding="UTF-8"?>
<!-- Generated by org.testng.reporters.JUnitXMLReporter -->
<testsuite ignored="3" hostname="QT-INBG-LT0043" failures="1" tests="4" name="OthersModule" time="138.148" errors="0" timestamp="2021-03-26T10:09:46 IST">
  <testcase classname="OthersModule.KudosFromMe" name="KudosfromMe" time="17.317"/>
  <testcase classname="OthersModule.KudosToMe" name="KudosT0Me" time="21.094"/>
  <testcase classname="OthersModule.SelfKudos" name="Selfkudos1" time="71.331"/>
  <testcase classname="OthersModule.kudosCount" name="CountKudos" time="20.119">
    <failure type="java.lang.NumberFormatException" message="For input string: &amp;quot;&amp;quot;">
      <![CDATA[java.lang.NumberFormatException: For input string: ""
at java.base/java.lang.NumberFormatException.forInputString(NumberFormatException.java:68)
at java.base/java.lang.Integer.parseInt(Integer.java:662)
at java.base/java.lang.Integer.parseInt(Integer.java:770)
at OthersModule.kudosCount.CountKudos(kudosCount.java:30)
at java.base/java.util.ArrayList.forEach(ArrayList.java:1511)
... Removed 27 stack frames]]>
    </failure>
  </testcase> <!-- CountKudos -->
  <testcase classname="Resources.base" name="@BeforeSuite Bsuite" time="0.0">
    <ignored/>
  </testcase> <!-- @BeforeSuite Bsuite -->
  <testcase classname="Resources.base" name="@BeforeSuite Bsuite" time="0.0">
    <ignored/>
  </testcase> <!-- @BeforeSuite Bsuite -->
  <testcase classname="Resources.base" name="@BeforeSuite Bsuite" time="0.0">
    <ignored/>
  </testcase> <!-- @BeforeSuite Bsuite -->
</testsuite> <!-- OthersModule -->
