<?xml version="1.0" encoding="UTF-8"?>
<!-- Generated by org.testng.reporters.JUnitXMLReporter -->
<testsuite ignored="3" hostname="QT-INBG-LT0043" failures="0" tests="5" name="SendKudosModule" time="153.278" errors="0" timestamp="2021-03-26T10:07:27 IST">
  <testcase classname="SendKudosModule.SendingKudos" name="Sendkudos" time="37.57"/>
  <testcase classname="SendKudosModule.KudosConfirmation" name="ConfirmationMessage" time="35.032"/>
  <testcase classname="SendKudosModule.recentContacts" name="RecentContacts" time="25.403"/>
  <testcase classname="SendKudosModule.SendComments" name="Citation" time="28.772"/>
  <testcase classname="SendKudosModule.SendComments" name="Citation" time="26.483"/>
  <testcase classname="Resources.base" name="@BeforeSuite Bsuite" time="0.0">
    <ignored/>
  </testcase> <!-- @BeforeSuite Bsuite -->
  <testcase classname="Resources.base" name="@BeforeSuite Bsuite" time="0.0">
    <ignored/>
  </testcase> <!-- @BeforeSuite Bsuite -->
  <testcase classname="Resources.base" name="@BeforeSuite Bsuite" time="0.0">
    <ignored/>
  </testcase> <!-- @BeforeSuite Bsuite -->
</testsuite> <!-- SendKudosModule -->
